<?xml version="1.0" encoding="UTF-8"?>
<testng-results skipped="0" failed="0" ignored="0" total="2" passed="2">
  <reporter-output>
  </reporter-output>
  <suite name="Default suite" duration-ms="67" started-at="2020-02-11T15:19:54 IST" finished-at="2020-02-11T15:19:54 IST">
    <groups>
    </groups>
    <test name="Default test" duration-ms="67" started-at="2020-02-11T15:19:54 IST" finished-at="2020-02-11T15:19:54 IST">
      <class name="TestNGDemo.Driver">
        <test-method status="PASS" signature="beforeDemo()[pri:0, instance:TestNGDemo.Driver@610694f1]" name="beforeDemo" is-config="true" duration-ms="16" started-at="2020-02-11T15:19:54 IST" finished-at="2020-02-11T15:19:54 IST">
          <reporter-output>
          </reporter-output>
        </test-method> <!-- beforeDemo -->
        <test-method status="PASS" signature="BefTest()[pri:0, instance:TestNGDemo.Driver@610694f1]" name="BefTest" is-config="true" duration-ms="1" started-at="2020-02-11T15:19:54 IST" finished-at="2020-02-11T15:19:54 IST">
          <reporter-output>
          </reporter-output>
        </test-method> <!-- BefTest -->
        <test-method status="PASS" signature="befClass()[pri:0, instance:TestNGDemo.Driver@610694f1]" name="befClass" is-config="true" duration-ms="0" started-at="2020-02-11T15:19:54 IST" finished-at="2020-02-11T15:19:54 IST">
          <reporter-output>
          </reporter-output>
        </test-method> <!-- befClass -->
        <test-method status="PASS" signature="befMethod()[pri:0, instance:TestNGDemo.Driver@610694f1]" name="befMethod" is-config="true" duration-ms="1" started-at="2020-02-11T15:19:54 IST" finished-at="2020-02-11T15:19:54 IST">
          <reporter-output>
          </reporter-output>
        </test-method> <!-- befMethod -->
        <test-method status="PASS" signature="driverInfo()[pri:0, instance:TestNGDemo.Driver@610694f1]" name="driverInfo" duration-ms="9" started-at="2020-02-11T15:19:54 IST" finished-at="2020-02-11T15:19:54 IST">
          <reporter-output>
          </reporter-output>
        </test-method> <!-- driverInfo -->
        <test-method status="PASS" signature="aftMethod()[pri:0, instance:TestNGDemo.Driver@610694f1]" name="aftMethod" is-config="true" duration-ms="1" started-at="2020-02-11T15:19:54 IST" finished-at="2020-02-11T15:19:54 IST">
          <reporter-output>
          </reporter-output>
        </test-method> <!-- aftMethod -->
        <test-method status="PASS" signature="befMethod()[pri:0, instance:TestNGDemo.Driver@610694f1]" name="befMethod" is-config="true" duration-ms="2" started-at="2020-02-11T15:19:54 IST" finished-at="2020-02-11T15:19:54 IST">
          <reporter-output>
          </reporter-output>
        </test-method> <!-- befMethod -->
        <test-method status="PASS" signature="Launch()[pri:1, instance:TestNGDemo.Driver@610694f1]" name="Launch" duration-ms="3" started-at="2020-02-11T15:19:54 IST" finished-at="2020-02-11T15:19:54 IST">
          <reporter-output>
          </reporter-output>
        </test-method> <!-- Launch -->
        <test-method status="PASS" signature="aftMethod()[pri:0, instance:TestNGDemo.Driver@610694f1]" name="aftMethod" is-config="true" duration-ms="0" started-at="2020-02-11T15:19:54 IST" finished-at="2020-02-11T15:19:54 IST">
          <reporter-output>
          </reporter-output>
        </test-method> <!-- aftMethod -->
        <test-method status="PASS" signature="aftClass()[pri:0, instance:TestNGDemo.Driver@610694f1]" name="aftClass" is-config="true" duration-ms="1" started-at="2020-02-11T15:19:54 IST" finished-at="2020-02-11T15:19:54 IST">
          <reporter-output>
          </reporter-output>
        </test-method> <!-- aftClass -->
        <test-method status="PASS" signature="AftTest()[pri:0, instance:TestNGDemo.Driver@610694f1]" name="AftTest" is-config="true" duration-ms="1" started-at="2020-02-11T15:19:54 IST" finished-at="2020-02-11T15:19:54 IST">
          <reporter-output>
          </reporter-output>
        </test-method> <!-- AftTest -->
        <test-method status="PASS" signature="close_browser()[pri:0, instance:TestNGDemo.Driver@610694f1]" name="close_browser" is-config="true" duration-ms="0" started-at="2020-02-11T15:19:54 IST" finished-at="2020-02-11T15:19:54 IST">
          <reporter-output>
          </reporter-output>
        </test-method> <!-- close_browser -->
      </class> <!-- TestNGDemo.Driver -->
    </test> <!-- Default test -->
  </suite> <!-- Default suite -->
</testng-results>
